Removed Pin From Net: NetName=NetD1A_2 Pin=D1B-2
Removed Pin From Net: NetName=NetD1A_2 Pin=D1C-2
Removed Pin From Net: NetName=NetD1A_2 Pin=D1D-2
Removed Pin From Net: NetName=NetD1A_2 Pin=D1E-2
Removed Pin From Net: NetName=NetD1A_2 Pin=D1F-2
Removed Pin From Net: NetName=NetD1K_2 Pin=D1L-2
Removed Pin From Net: NetName=NetD1K_2 Pin=D1M-2
Removed Pin From Net: NetName=NetD1K_2 Pin=D1N-2
Removed Pin From Net: NetName=NetD1K_2 Pin=D1O-2
Removed Pin From Net: NetName=NetD1K_2 Pin=D1P-2
Removed Pin From Net: NetName=NetD1K_2 Pin=D1Q-2
Removed Pin From Net: NetName=NetD1K_2 Pin=D1R-2
Removed Pin From Net: NetName=NetD1K_2 Pin=D1S-2
Removed Pin From Net: NetName=NetD2A_1 Pin=D2B-1
Removed Pin From Net: NetName=NetD2A_1 Pin=D2C-1
Removed Pin From Net: NetName=NetD2A_1 Pin=Q1B-3
Removed Pin From Net: NetName=NetD2A_1 Pin=Q1C-3
Removed Pin From Net: NetName=NetD2A_1 Pin=Q2B-3
Removed Pin From Net: NetName=NetD2A_1 Pin=Q2C-3
Removed Pin From Net: NetName=NetD1A_2 Pin=Q6B-2
Removed Pin From Net: NetName=NetD1A_2 Pin=Q6C-2
Removed Pin From Net: NetName=NetD1A_2 Pin=Q6D-2
Removed Pin From Net: NetName=NetD1A_2 Pin=Q6E-2
Removed Pin From Net: NetName=NetD1A_2 Pin=Q6F-2
Removed Pin From Net: NetName=NetD1K_2 Pin=Q6L-2
Removed Pin From Net: NetName=NetD1K_2 Pin=Q6M-2
Removed Pin From Net: NetName=NetD1K_2 Pin=Q6N-2
Removed Pin From Net: NetName=NetD1K_2 Pin=Q6O-2
Removed Pin From Net: NetName=NetD1K_2 Pin=Q6P-2
Removed Pin From Net: NetName=NetD1K_2 Pin=Q6Q-2
Removed Pin From Net: NetName=NetD1K_2 Pin=Q6R-2
Removed Pin From Net: NetName=NetD1K_2 Pin=Q6S-2
Removed Pin From Net: NetName=NetD1A_2 Pin=Q7B-2
Removed Pin From Net: NetName=NetD1A_2 Pin=Q7C-2
Removed Pin From Net: NetName=NetD1A_2 Pin=Q7D-2
Removed Pin From Net: NetName=NetD1A_2 Pin=Q7E-2
Removed Pin From Net: NetName=NetD1A_2 Pin=Q7F-2
Removed Pin From Net: NetName=NetD1K_2 Pin=Q7L-2
Removed Pin From Net: NetName=NetD1K_2 Pin=Q7M-2
Removed Pin From Net: NetName=NetD1K_2 Pin=Q7N-2
Removed Pin From Net: NetName=NetD1K_2 Pin=Q7O-2
Removed Pin From Net: NetName=NetD1K_2 Pin=Q7P-2
Removed Pin From Net: NetName=NetD1K_2 Pin=Q7Q-2
Removed Pin From Net: NetName=NetD1K_2 Pin=Q7R-2
Removed Pin From Net: NetName=NetD1K_2 Pin=Q7S-2
Removed Pin From Net: NetName=NetD1A_2 Pin=R6B-2
Removed Pin From Net: NetName=NetD1A_2 Pin=R6C-2
Removed Pin From Net: NetName=NetD1A_2 Pin=R6D-2
Removed Pin From Net: NetName=NetD1A_2 Pin=R6E-2
Removed Pin From Net: NetName=NetD1A_2 Pin=R6F-2
Removed Pin From Net: NetName=NetD1K_2 Pin=R6L-2
Removed Pin From Net: NetName=NetD1K_2 Pin=R6M-2
Removed Pin From Net: NetName=NetD1K_2 Pin=R6N-2
Removed Pin From Net: NetName=NetD1K_2 Pin=R6O-2
Removed Pin From Net: NetName=NetD1K_2 Pin=R6P-2
Removed Pin From Net: NetName=NetD1K_2 Pin=R6Q-2
Removed Pin From Net: NetName=NetD1K_2 Pin=R6R-2
Removed Pin From Net: NetName=NetD1K_2 Pin=R6S-2
Removed Pin From Net: NetName=NetD2A_1 Pin=R19B-1
Removed Pin From Net: NetName=NetD2A_1 Pin=R19C-1
Added Pin To Net: NetName=NetD1B_2 Pin=D1B-2
Added Pin To Net: NetName=NetD1B_2 Pin=Q6B-2
Added Pin To Net: NetName=NetD1B_2 Pin=Q7B-2
Added Pin To Net: NetName=NetD1B_2 Pin=R6B-2
Added Net: Name=NetD1B_2
Added Pin To Net: NetName=NetD1C_2 Pin=D1C-2
Added Pin To Net: NetName=NetD1C_2 Pin=Q6C-2
Added Pin To Net: NetName=NetD1C_2 Pin=Q7C-2
Added Pin To Net: NetName=NetD1C_2 Pin=R6C-2
Added Net: Name=NetD1C_2
Added Pin To Net: NetName=NetD1D_2 Pin=D1D-2
Added Pin To Net: NetName=NetD1D_2 Pin=Q6D-2
Added Pin To Net: NetName=NetD1D_2 Pin=Q7D-2
Added Pin To Net: NetName=NetD1D_2 Pin=R6D-2
Added Net: Name=NetD1D_2
Added Pin To Net: NetName=NetD1E_2 Pin=D1E-2
Added Pin To Net: NetName=NetD1E_2 Pin=Q6E-2
Added Pin To Net: NetName=NetD1E_2 Pin=Q7E-2
Added Pin To Net: NetName=NetD1E_2 Pin=R6E-2
Added Net: Name=NetD1E_2
Added Pin To Net: NetName=NetD1F_2 Pin=D1F-2
Added Pin To Net: NetName=NetD1F_2 Pin=Q6F-2
Added Pin To Net: NetName=NetD1F_2 Pin=Q7F-2
Added Pin To Net: NetName=NetD1F_2 Pin=R6F-2
Added Net: Name=NetD1F_2
Added Pin To Net: NetName=NetD1L_2 Pin=D1L-2
Added Pin To Net: NetName=NetD1L_2 Pin=Q6L-2
Added Pin To Net: NetName=NetD1L_2 Pin=Q7L-2
Added Pin To Net: NetName=NetD1L_2 Pin=R6L-2
Added Net: Name=NetD1L_2
Added Pin To Net: NetName=NetD1M_2 Pin=D1M-2
Added Pin To Net: NetName=NetD1M_2 Pin=Q6M-2
Added Pin To Net: NetName=NetD1M_2 Pin=Q7M-2
Added Pin To Net: NetName=NetD1M_2 Pin=R6M-2
Added Net: Name=NetD1M_2
Added Pin To Net: NetName=NetD1N_2 Pin=D1N-2
Added Pin To Net: NetName=NetD1N_2 Pin=Q6N-2
Added Pin To Net: NetName=NetD1N_2 Pin=Q7N-2
Added Pin To Net: NetName=NetD1N_2 Pin=R6N-2
Added Net: Name=NetD1N_2
Added Pin To Net: NetName=NetD1O_2 Pin=D1O-2
Added Pin To Net: NetName=NetD1O_2 Pin=Q6O-2
Added Pin To Net: NetName=NetD1O_2 Pin=Q7O-2
Added Pin To Net: NetName=NetD1O_2 Pin=R6O-2
Added Net: Name=NetD1O_2
Added Pin To Net: NetName=NetD1P_2 Pin=D1P-2
Added Pin To Net: NetName=NetD1P_2 Pin=Q6P-2
Added Pin To Net: NetName=NetD1P_2 Pin=Q7P-2
Added Pin To Net: NetName=NetD1P_2 Pin=R6P-2
Added Net: Name=NetD1P_2
Added Pin To Net: NetName=NetD1Q_2 Pin=D1Q-2
Added Pin To Net: NetName=NetD1Q_2 Pin=Q6Q-2
Added Pin To Net: NetName=NetD1Q_2 Pin=Q7Q-2
Added Pin To Net: NetName=NetD1Q_2 Pin=R6Q-2
Added Net: Name=NetD1Q_2
Added Pin To Net: NetName=NetD1R_2 Pin=D1R-2
Added Pin To Net: NetName=NetD1R_2 Pin=Q6R-2
Added Pin To Net: NetName=NetD1R_2 Pin=Q7R-2
Added Pin To Net: NetName=NetD1R_2 Pin=R6R-2
Added Net: Name=NetD1R_2
Added Pin To Net: NetName=NetD1S_2 Pin=D1S-2
Added Pin To Net: NetName=NetD1S_2 Pin=Q6S-2
Added Pin To Net: NetName=NetD1S_2 Pin=Q7S-2
Added Pin To Net: NetName=NetD1S_2 Pin=R6S-2
Added Net: Name=NetD1S_2
Added Pin To Net: NetName=NetD2B_1 Pin=D2B-1
Added Pin To Net: NetName=NetD2B_1 Pin=Q1B-3
Added Pin To Net: NetName=NetD2B_1 Pin=Q2B-3
Added Pin To Net: NetName=NetD2B_1 Pin=R19B-1
Added Net: Name=NetD2B_1
Added Pin To Net: NetName=NetD2C_1 Pin=D2C-1
Added Pin To Net: NetName=NetD2C_1 Pin=Q1C-3
Added Pin To Net: NetName=NetD2C_1 Pin=Q2C-3
Added Pin To Net: NetName=NetD2C_1 Pin=R19C-1
Added Net: Name=NetD2C_1
