Removed Pin From Net: NetName=NetINPUT_1 Pin=INPUT-1
Removed Pin From Net: NetName=NetOUTPUT_1 Pin=OUTPUT-1
Removed Pin From Net: NetName=NetINPUT_1 Pin=Q7G-3
Removed Pin From Net: NetName=NetOUTPUT_1 Pin=Q7H-3
Removed Pin From Net: NetName=NetINPUT_1 Pin=Q7I-3
Removed Pin From Net: NetName=NetOUTPUT_1 Pin=Q7J-3
Added Component: Designator=D4(FastDiode)
Add component. Clean all parameters for all variants
Add component (AddParameter): Name = "DatasheetDocument"; Value = "16-Apr-2002"; VariantName = "[No Variations]"
Add component (AddParameter): Name = "LatestRevisionDate"; Value = "17-Dec-2003"; VariantName = "[No Variations]"
Add component (AddParameter): Name = "LatestRevisionNote"; Value = "PCB Footprint replaced."; VariantName = "[No Variations]"
Add component (AddParameter): Name = "PackageDocument"; Value = "16-Apr-2002"; VariantName = "[No Variations]"
Add component (AddParameter): Name = "PackageReference"; Value = "3.5X2.8X1.9"; VariantName = "[No Variations]"
Add component (AddParameter): Name = "Published"; Value = "8-Jun-2000"; VariantName = "[No Variations]"
Add component (AddParameter): Name = "Publisher"; Value = "Altium Limited"; VariantName = "[No Variations]"
Added Component: Designator=D5(FastDiode)
Add component. Clean all parameters for all variants
Add component (AddParameter): Name = "DatasheetDocument"; Value = "16-Apr-2002"; VariantName = "[No Variations]"
Add component (AddParameter): Name = "LatestRevisionDate"; Value = "17-Dec-2003"; VariantName = "[No Variations]"
Add component (AddParameter): Name = "LatestRevisionNote"; Value = "PCB Footprint replaced."; VariantName = "[No Variations]"
Add component (AddParameter): Name = "PackageDocument"; Value = "16-Apr-2002"; VariantName = "[No Variations]"
Add component (AddParameter): Name = "PackageReference"; Value = "3.5X2.8X1.9"; VariantName = "[No Variations]"
Add component (AddParameter): Name = "Published"; Value = "8-Jun-2000"; VariantName = "[No Variations]"
Add component (AddParameter): Name = "Publisher"; Value = "Altium Limited"; VariantName = "[No Variations]"
Added Component: Designator=F1(RES1206)
Add component. Clean all parameters for all variants
Add component (AddParameter): Name = "LatestRevisionDate"; Value = "17-Jul-2002"; VariantName = "[No Variations]"
Add component (AddParameter): Name = "LatestRevisionNote"; Value = "Re-released for DXP Platform."; VariantName = "[No Variations]"
Add component (AddParameter): Name = "PackageReference"; Value = "AXIAL-0.5"; VariantName = "[No Variations]"
Add component (AddParameter): Name = "Published"; Value = "8-Jun-2000"; VariantName = "[No Variations]"
Add component (AddParameter): Name = "Publisher"; Value = "Altium Limited"; VariantName = "[No Variations]"
Add component (AddParameter): Name = "Value"; Value = "0"; VariantName = "[No Variations]"
Added Component: Designator=F2(RES1206)
Add component. Clean all parameters for all variants
Add component (AddParameter): Name = "LatestRevisionDate"; Value = "17-Jul-2002"; VariantName = "[No Variations]"
Add component (AddParameter): Name = "LatestRevisionNote"; Value = "Re-released for DXP Platform."; VariantName = "[No Variations]"
Add component (AddParameter): Name = "PackageReference"; Value = "AXIAL-0.5"; VariantName = "[No Variations]"
Add component (AddParameter): Name = "Published"; Value = "8-Jun-2000"; VariantName = "[No Variations]"
Add component (AddParameter): Name = "Publisher"; Value = "Altium Limited"; VariantName = "[No Variations]"
Add component (AddParameter): Name = "Value"; Value = "0"; VariantName = "[No Variations]"
Added Pin To Net: NetName=GND Pin=D4-1
Added Pin To Net: NetName=NetOUTPUT_1 Pin=D4-2
Added Pin To Net: NetName=NetOUTPUT_2 Pin=D5-1
Added Pin To Net: NetName=NetINPUT_1 Pin=D5-2
Added Pin To Net: NetName=NetOUTPUT_1 Pin=F1-1
Added Pin To Net: NetName=NetINPUT_1 Pin=F2-1
Added Pin To Net: NetName=NetOUTPUT_1 Pin=Q7G-3
Added Pin To Net: NetName=NetINPUT_1 Pin=Q7H-3
Added Pin To Net: NetName=NetOUTPUT_1 Pin=Q7I-3
Added Pin To Net: NetName=NetINPUT_1 Pin=Q7J-3
Change Net Name : Old Net Name=NetINPUT_1 New Net Name=NetD5_2
Change Net Name : Old Net Name=NetOUTPUT_1 New Net Name=NetD4_2
Change Net Name : Old Net Name=NetOUTPUT_2 New Net Name=NetD5_1
Added Pin To Net: NetName=NetF1_2 Pin=F1-2
Added Pin To Net: NetName=NetF1_2 Pin=INPUT-1
Added Net: Name=NetF1_2
Added Pin To Net: NetName=NetF2_2 Pin=F2-2
Added Pin To Net: NetName=NetF2_2 Pin=OUTPUT-1
Added Net: Name=NetF2_2
Added Member To Class: ClassName=U_DCDC Member=Component D4 FastDiode
Added Member To Class: ClassName=U_DCDC Member=Component D5 FastDiode
Added Member To Class: ClassName=U_DCDC Member=Component F1 0
Added Member To Class: ClassName=U_DCDC Member=Component F2 0
Added Room: Name=U_MCU
