Change Component Designator: OldDesignator=Q5 NewDesignator=Q5O
Change Component Designator: OldDesignator=Q5O NewDesignator=Q5A
Change Component Designator: OldDesignator=Q5A NewDesignator=Q5B
Change Component Designator: OldDesignator=Q5B NewDesignator=Q5C
Change Component Designator: OldDesignator=Q5C NewDesignator=Q5D
Change Component Designator: OldDesignator=Q5D NewDesignator=Q5E
Change Component Designator: OldDesignator=Q5E NewDesignator=Q5F
Change Component Designator: OldDesignator=Q5F NewDesignator=Q5G
Change Component Designator: OldDesignator=Q5G NewDesignator=Q5H
Change Component Designator: OldDesignator=Q5H NewDesignator=Q5I
Change Component Designator: OldDesignator=Q5I NewDesignator=Q5J
Change Component Designator: OldDesignator=Q5J NewDesignator=Q5K
Change Component Designator: OldDesignator=Q5K NewDesignator=Q5L
Change Component Designator: OldDesignator=Q5L NewDesignator=Q5M
Change Component Designator: OldDesignator=Q5M NewDesignator=Q5N
Change Component Designator: OldDesignator=R4 NewDesignator=R4O
Change Component Designator: OldDesignator=R4O NewDesignator=R4A
Change Component Designator: OldDesignator=R4A NewDesignator=R4B
Change Component Designator: OldDesignator=R4B NewDesignator=R4C
Change Component Designator: OldDesignator=R4C NewDesignator=R4D
Change Component Designator: OldDesignator=R4D NewDesignator=R4E
Change Component Designator: OldDesignator=R4E NewDesignator=R4F
Change Component Designator: OldDesignator=R4F NewDesignator=R4G
Change Component Designator: OldDesignator=R4G NewDesignator=R4H
Change Component Designator: OldDesignator=R4H NewDesignator=R4I
Change Component Designator: OldDesignator=R4I NewDesignator=R4J
Change Component Designator: OldDesignator=R4J NewDesignator=R4K
Change Component Designator: OldDesignator=R4K NewDesignator=R4L
Change Component Designator: OldDesignator=R4L NewDesignator=R4M
Change Component Designator: OldDesignator=R4M NewDesignator=R4N
Change Component Designator: OldDesignator=R5 NewDesignator=R5O
Change Component Designator: OldDesignator=R5O NewDesignator=R5A
Change Component Designator: OldDesignator=R5A NewDesignator=R5B
Change Component Designator: OldDesignator=R5B NewDesignator=R5C
Change Component Designator: OldDesignator=R5C NewDesignator=R5D
Change Component Designator: OldDesignator=R5D NewDesignator=R5E
Change Component Designator: OldDesignator=R5E NewDesignator=R5F
Change Component Designator: OldDesignator=R5F NewDesignator=R5G
Change Component Designator: OldDesignator=R5G NewDesignator=R5H
Change Component Designator: OldDesignator=R5H NewDesignator=R5I
Change Component Designator: OldDesignator=R5I NewDesignator=R5J
Change Component Designator: OldDesignator=R5J NewDesignator=R5K
Change Component Designator: OldDesignator=R5K NewDesignator=R5L
Change Component Designator: OldDesignator=R5L NewDesignator=R5M
Change Component Designator: OldDesignator=R5M NewDesignator=R5N
